Using pre-set license
Built from '2020.3/staging' branch; Version is '2020.3.25f1 (9b9180224418) revision 10195328'; Using compiler version '192528614'; Build Type 'Release'
OS: 'Windows 10  (10.0.19043) 64bit Professional' Language: 'en' Physical Memory: 8151 MB
BatchMode: 1, IsHumanControllingUs: 0, StartBugReporterOnCrash: 0, Is64bit: 1, IsPro: 0

COMMAND LINE ARGUMENTS:
E:\Development\Unity\Unity Editor\2020.3.25f1\Editor\Unity.exe
-adb2
-batchMode
-noUpm
-name
AssetImportWorker0
-projectPath
D:/Shubha/Unity/Projects/Create with Code/Programming Theory Project
-logFile
Logs/AssetImportWorker0.log
-srvPort
60707
Successfully changed project path to: D:/Shubha/Unity/Projects/Create with Code/Programming Theory Project
D:/Shubha/Unity/Projects/Create with Code/Programming Theory Project
Using Asset Import Pipeline V2.
Refreshing native plugins compatible for Editor in 41.80 ms, found 2 plugins.
Preloading 0 native plugins for Editor in 0.00 ms.
Initialize engine version: 2020.3.25f1 (9b9180224418)
[Subsystems] Discovering subsystems at path E:/Development/Unity/Unity Editor/2020.3.25f1/Editor/Data/Resources/UnitySubsystems
[Subsystems] Discovering subsystems at path D:/Shubha/Unity/Projects/Create with Code/Programming Theory Project/Assets
GfxDevice: creating device client; threaded=0
Direct3D:
    Version:  Direct3D 11.0 [level 11.0]
    Renderer: NVIDIA GeForce GT 730 (ID=0x1287)
    Vendor:   
    VRAM:     2007 MB
    Driver:   30.0.14.7212
Initialize mono
Mono path[0] = 'E:/Development/Unity/Unity Editor/2020.3.25f1/Editor/Data/Managed'
Mono path[1] = 'E:/Development/Unity/Unity Editor/2020.3.25f1/Editor/Data/MonoBleedingEdge/lib/mono/unityjit'
Mono config path = 'E:/Development/Unity/Unity Editor/2020.3.25f1/Editor/Data/MonoBleedingEdge/etc'
Using monoOptions --debugger-agent=transport=dt_socket,embedding=1,server=y,suspend=n,address=127.0.0.1:56564
Begin MonoManager ReloadAssembly
Registering precompiled unity dll's ...
Register platform support module: E:/Development/Unity/Unity Editor/2020.3.25f1/Editor/Data/PlaybackEngines/WebGLSupport/UnityEditor.WebGL.Extensions.dll
Register platform support module: E:/Development/Unity/Unity Editor/2020.3.25f1/Editor/Data/PlaybackEngines/WindowsStandaloneSupport/UnityEditor.WindowsStandalone.Extensions.dll
Registered in 0.001627 seconds.
Native extension for WindowsStandalone target not found
Native extension for WebGL target not found
Refreshing native plugins compatible for Editor in 40.85 ms, found 2 plugins.
Preloading 0 native plugins for Editor in 0.00 ms.
Mono: successfully reloaded assembly
- Completed reload, in  0.717 seconds
Domain Reload Profiling:
	ReloadAssembly (717ms)
		BeginReloadAssembly (65ms)
			ExecutionOrderSort (0ms)
			DisableScriptedObjects (0ms)
			BackupInstance (0ms)
			ReleaseScriptingObjects (0ms)
			CreateAndSetChildDomain (1ms)
		EndReloadAssembly (561ms)
			LoadAssemblies (64ms)
			RebuildTransferFunctionScriptingTraits (0ms)
			SetupTypeCache (192ms)
			ReleaseScriptCaches (0ms)
			RebuildScriptCaches (36ms)
			SetupLoadedEditorAssemblies (206ms)
				LogAssemblyErrors (0ms)
				InitializePlatformSupportModulesInManaged (6ms)
				SetLoadedEditorAssemblies (0ms)
				RefreshPlugins (41ms)
				BeforeProcessingInitializeOnLoad (22ms)
				ProcessInitializeOnLoadAttributes (99ms)
				ProcessInitializeOnLoadMethodAttributes (38ms)
				AfterProcessingInitializeOnLoad (0ms)
				EditorAssembliesLoaded (0ms)
			ExecutionOrderSort2 (0ms)
			AwakeInstancesAfterBackupRestoration (0ms)
Platform modules already initialized, skipping
Registering precompiled user dll's ...
Registered in 0.004463 seconds.
Begin MonoManager ReloadAssembly
Native extension for WindowsStandalone target not found
Native extension for WebGL target not found
Refreshing native plugins compatible for Editor in 0.36 ms, found 2 plugins.
Preloading 0 native plugins for Editor in 0.00 ms.
Mono: successfully reloaded assembly
- Completed reload, in  1.272 seconds
Domain Reload Profiling:
	ReloadAssembly (1273ms)
		BeginReloadAssembly (176ms)
			ExecutionOrderSort (0ms)
			DisableScriptedObjects (6ms)
			BackupInstance (0ms)
			ReleaseScriptingObjects (0ms)
			CreateAndSetChildDomain (21ms)
		EndReloadAssembly (1027ms)
			LoadAssemblies (105ms)
			RebuildTransferFunctionScriptingTraits (0ms)
			SetupTypeCache (372ms)
			ReleaseScriptCaches (0ms)
			RebuildScriptCaches (53ms)
			SetupLoadedEditorAssemblies (357ms)
				LogAssemblyErrors (0ms)
				InitializePlatformSupportModulesInManaged (6ms)
				SetLoadedEditorAssemblies (1ms)
				RefreshPlugins (0ms)
				BeforeProcessingInitializeOnLoad (88ms)
				ProcessInitializeOnLoadAttributes (245ms)
				ProcessInitializeOnLoadMethodAttributes (13ms)
				AfterProcessingInitializeOnLoad (3ms)
				EditorAssembliesLoaded (0ms)
			ExecutionOrderSort2 (0ms)
			AwakeInstancesAfterBackupRestoration (9ms)
Platform modules already initialized, skipping
========================================================================
Worker process is ready to serve import requests
Launched and connected shader compiler UnityShaderCompiler.exe after 0.08 seconds
Refreshing native plugins compatible for Editor in 0.51 ms, found 2 plugins.
Preloading 0 native plugins for Editor in 0.00 ms.
Unloading 1513 Unused Serialized files (Serialized files now loaded: 0)
System memory in use before: 69.8 MB.
System memory in use after: 69.8 MB.

Unloading 19 unused Assets to reduce memory usage. Loaded Objects now: 1946.
Total: 2.876700 ms (FindLiveObjects: 0.146100 ms CreateObjectMapping: 0.060400 ms MarkObjects: 2.597200 ms  DeleteObjects: 0.072000 ms)

AssetImportParameters requested are different than current active one (requested -> active):
  custom:framework-win-MediaFoundation: 216162199b28c13a410421893ffa2e32 -> 
  custom:video-decoder-ogg-theora: a1e56fd34408186e4bbccfd4996cb3dc -> 
  custom:container-muxer-webm: aa71ff27fc2769a1b78a27578f13a17b -> 
  custom:container-demuxer-webm: 4f35f7cbe854078d1ac9338744f61a02 -> 
  custom:container-demuxer-ogg: 62fdf1f143b41e24485cea50d1cbac27 -> 
  custom:video-encoder-webm-vp8: eb34c28f22e8b96e1ab97ce403110664 -> 
  custom:video-decoder-webm-vp8: 9c59270c3fd7afecdb556c50c9e8de78 -> 
  custom:audio-decoder-ogg-vorbis: bf7c407c2cedff20999df2af8eb42d56 -> 
  custom:audio-encoder-webm-vorbis: bf7c407c2cedff20999df2af8eb42d56 -> 
========================================================================
Received Import Request.
  path: Assets/Scripts
  artifactKey: Guid(be11db070c4505948b3e0cde4720f601) Importer(815301076,1909f56bfc062723c751e8b465ee728b)
Start importing Assets/Scripts using Guid(be11db070c4505948b3e0cde4720f601) Importer(815301076,1909f56bfc062723c751e8b465ee728b)  -> (artifact id: 'f3402f67c18139d59a9ce7d3463aa0ae') in 0.010415 seconds 
  Import took 0.013864 seconds .

========================================================================
Received Import Request.
  Time since last request: 296.571729 seconds.
  path: Assets/Scripts/Shape.cs
  artifactKey: Guid(747edc23078def949aed896a9f27b209) Importer(815301076,1909f56bfc062723c751e8b465ee728b)
Start importing Assets/Scripts/Shape.cs using Guid(747edc23078def949aed896a9f27b209) Importer(815301076,1909f56bfc062723c751e8b465ee728b)  -> (artifact id: '988fe638890f1bbbf246cb2cd82236de') in 0.075163 seconds 
  Import took 0.078380 seconds .

========================================================================
Received Prepare
Registering precompiled user dll's ...
Registered in 0.182291 seconds.
Begin MonoManager ReloadAssembly
Received signal SIGSEGV
Stack trace:
0x00007ff98d97b3c7 (mono-2.0-bdwgc) [alloc.c:708] GC_collect_a_little_inner 
0x00007ff98d97a15a (mono-2.0-bdwgc) [alloc.c:1568] GC_allocobj 
0x00007ff98d97efb8 (mono-2.0-bdwgc) [malloc.c:191] GC_generic_malloc_inner 
0x00007ff98d97ec8f (mono-2.0-bdwgc) [malloc.c:252] GC_generic_malloc 
0x00007ff98d981a9c (mono-2.0-bdwgc) [malloc.c:327] GC_malloc_kind_global 
0x00007ff98d7876de (mono-2.0-bdwgc) [boehm-gc.c:991] mono_gc_alloc_obj 
0x00007ff98d729bc5 (mono-2.0-bdwgc) [object.c:5517] mono_object_new_alloc_specific_checked 
0x00007ff98d72a0fa (mono-2.0-bdwgc) [object.c:5458] mono_object_new_specific_checked 
0x00007ff98d77e40e (mono-2.0-bdwgc) [custom-attrs.c:799] create_custom_attr 
0x00007ff98d780544 (mono-2.0-bdwgc) [custom-attrs.c:1256] mono_custom_attrs_construct_by_type 
0x00007ff78fa7c009 (Unity) scripting_custom_attrs_construct
0x00007ff78fa59090 (Unity) AttributeCollectionInfo::AllocAttributesArrayIfNeeded
0x00007ff78fa5f368 (Unity) ManagedAttributeManager::GetRequiredComponents
0x00007ff78fa50d18 (Unity) MonoManager::SetupTypeCache
0x00007ff78fa47193 (Unity) MonoManager::EndReloadAssembly
0x00007ff78fa4e627 (Unity) MonoManager::ReloadAssembly
0x00007ff79074cc21 (Unity) LoadDomainAndUserAssemblies
0x00007ff79074d289 (Unity) LoadUserAssemblies
0x00007ff790982838 (Unity) <lambda_b7fd2194c9d98d5c5f8d87939b09ad6c>::operator()
0x00007ff790a095a2 (Unity) asio::detail::completion_handler<core::mutable_function<void __cdecl(void)> >::do_complete
0x00007ff790a0b700 (Unity) asio::detail::win_iocp_io_service::do_one
0x00007ff790a0ee7e (Unity) asio::io_service::run
0x00007ff7909aab9b (Unity) RunAssetImportWorkerClientV2
0x00007ff7909aabf0 (Unity) RunAssetImporterV2
0x00007ff7904523dd (Unity) Application::InitializeProject
0x00007ff7908a7252 (Unity) WinMain
0x00007ff791f35752 (Unity) __scrt_common_main_seh
0x00007ff9e3c07034 (KERNEL32) BaseThreadInitThunk
0x00007ff9e3d42651 (ntdll) RtlUserThreadStart

